0 info it worked if it ends with ok
1 verbose cli [ '/Users/masafumi/.nodebrew/node/v6.4.0/bin/node',
1 verbose cli   '/Users/masafumi/.nodebrew/current/bin/npm',
1 verbose cli   'install' ]
2 info using npm@3.10.3
3 info using node@v6.4.0
4 silly loadCurrentTree Starting
5 silly install loadCurrentTree
6 silly install readLocalPackageData
7 silly install normalizeTree
8 silly loadCurrentTree Finishing
9 silly loadIdealTree Starting
10 silly install loadIdealTree
11 silly cloneCurrentTree Starting
12 silly install cloneCurrentTreeToIdealTree
13 silly cloneCurrentTree Finishing
14 silly loadShrinkwrap Starting
15 silly install loadShrinkwrap
16 silly loadShrinkwrap Finishing
17 silly loadAllDepsIntoIdealTree Starting
18 silly install loadAllDepsIntoIdealTree
19 silly fetchNamedPackageData jquery
20 silly mapToRegistry name jquery
21 silly mapToRegistry using default registry
22 silly mapToRegistry registry https://registry.npmjs.org/
23 silly mapToRegistry data Result {
23 silly mapToRegistry   raw: 'jquery',
23 silly mapToRegistry   scope: null,
23 silly mapToRegistry   escapedName: 'jquery',
23 silly mapToRegistry   name: 'jquery',
23 silly mapToRegistry   rawSpec: '',
23 silly mapToRegistry   spec: 'latest',
23 silly mapToRegistry   type: 'tag' }
24 silly mapToRegistry uri https://registry.npmjs.org/jquery
25 silly fetchNamedPackageData underscore
26 silly mapToRegistry name underscore
27 silly mapToRegistry using default registry
28 silly mapToRegistry registry https://registry.npmjs.org/
29 silly mapToRegistry data Result {
29 silly mapToRegistry   raw: 'underscore',
29 silly mapToRegistry   scope: null,
29 silly mapToRegistry   escapedName: 'underscore',
29 silly mapToRegistry   name: 'underscore',
29 silly mapToRegistry   rawSpec: '',
29 silly mapToRegistry   spec: 'latest',
29 silly mapToRegistry   type: 'tag' }
30 silly mapToRegistry uri https://registry.npmjs.org/underscore
31 verbose request uri https://registry.npmjs.org/jquery
32 verbose request no auth needed
33 info attempt registry request try #1 at 20:39:47
34 verbose request id 459376dae75ec4ee
35 verbose etag W/"e32887a2f0635dc07fe5964c0a2195b7"
36 verbose lastModified Thu, 10 Nov 2022 12:49:29 GMT
37 http request GET https://registry.npmjs.org/jquery
38 verbose request uri https://registry.npmjs.org/underscore
39 verbose request no auth needed
40 info attempt registry request try #1 at 20:39:48
41 verbose etag W/"04ffe8a71bc92e655cd966fdf57656f1"
42 verbose lastModified Fri, 23 Sep 2022 22:30:16 GMT
43 http request GET https://registry.npmjs.org/underscore
44 http 304 https://registry.npmjs.org/underscore
45 verbose headers { date: 'Mon, 14 Nov 2022 11:39:48 GMT',
45 verbose headers   connection: 'keep-alive',
45 verbose headers   'cf-ray': '769f77fa496c8a50-NRT',
45 verbose headers   age: '271',
45 verbose headers   'cache-control': 'public, max-age=300',
45 verbose headers   etag: '"04ffe8a71bc92e655cd966fdf57656f1"',
45 verbose headers   'last-modified': 'Fri, 23 Sep 2022 22:30:16 GMT',
45 verbose headers   vary: 'Accept-Encoding',
45 verbose headers   'cf-cache-status': 'HIT',
45 verbose headers   'x-amz-replication-status': 'PENDING',
45 verbose headers   server: 'cloudflare' }
46 silly get cb [ 304,
46 silly get   { date: 'Mon, 14 Nov 2022 11:39:48 GMT',
46 silly get     connection: 'keep-alive',
46 silly get     'cf-ray': '769f77fa496c8a50-NRT',
46 silly get     age: '271',
46 silly get     'cache-control': 'public, max-age=300',
46 silly get     etag: '"04ffe8a71bc92e655cd966fdf57656f1"',
46 silly get     'last-modified': 'Fri, 23 Sep 2022 22:30:16 GMT',
46 silly get     vary: 'Accept-Encoding',
46 silly get     'cf-cache-status': 'HIT',
46 silly get     'x-amz-replication-status': 'PENDING',
46 silly get     server: 'cloudflare' } ]
47 verbose etag https://registry.npmjs.org/underscore from cache
48 verbose get saving underscore to /Users/masafumi/.npm/registry.npmjs.org/underscore/.cache.json
49 verbose correctMkdir /Users/masafumi/.npm correctMkdir not in flight; initializing
50 verbose stack Error: Missing required argument #1
50 verbose stack     at andLogAndFinish (/Users/masafumi/.nodebrew/node/v6.4.0/lib/node_modules/npm/lib/fetch-package-metadata.js:31:3)
50 verbose stack     at fetchPackageMetadata (/Users/masafumi/.nodebrew/node/v6.4.0/lib/node_modules/npm/lib/fetch-package-metadata.js:51:22)
50 verbose stack     at resolveWithNewModule (/Users/masafumi/.nodebrew/node/v6.4.0/lib/node_modules/npm/lib/install/deps.js:515:12)
50 verbose stack     at /Users/masafumi/.nodebrew/node/v6.4.0/lib/node_modules/npm/lib/install/deps.js:516:7
50 verbose stack     at /Users/masafumi/.nodebrew/node/v6.4.0/lib/node_modules/npm/node_modules/iferr/index.js:13:50
50 verbose stack     at /Users/masafumi/.nodebrew/node/v6.4.0/lib/node_modules/npm/lib/fetch-package-metadata.js:37:12
50 verbose stack     at addRequestedAndFinish (/Users/masafumi/.nodebrew/node/v6.4.0/lib/node_modules/npm/lib/fetch-package-metadata.js:67:5)
50 verbose stack     at returnAndAddMetadata (/Users/masafumi/.nodebrew/node/v6.4.0/lib/node_modules/npm/lib/fetch-package-metadata.js:121:7)
50 verbose stack     at pickVersionFromRegistryDocument (/Users/masafumi/.nodebrew/node/v6.4.0/lib/node_modules/npm/lib/fetch-package-metadata.js:138:20)
50 verbose stack     at /Users/masafumi/.nodebrew/node/v6.4.0/lib/node_modules/npm/node_modules/iferr/index.js:13:50
51 verbose cwd /Users/masafumi/git/viz_location_map/appserver/static/visualizations/location_map
52 error Darwin 19.6.0
53 error argv "/Users/masafumi/.nodebrew/node/v6.4.0/bin/node" "/Users/masafumi/.nodebrew/current/bin/npm" "install"
54 error node v6.4.0
55 error npm  v3.10.3
56 error code EMISSINGARG
57 error typeerror Error: Missing required argument #1
57 error typeerror     at andLogAndFinish (/Users/masafumi/.nodebrew/node/v6.4.0/lib/node_modules/npm/lib/fetch-package-metadata.js:31:3)
57 error typeerror     at fetchPackageMetadata (/Users/masafumi/.nodebrew/node/v6.4.0/lib/node_modules/npm/lib/fetch-package-metadata.js:51:22)
57 error typeerror     at resolveWithNewModule (/Users/masafumi/.nodebrew/node/v6.4.0/lib/node_modules/npm/lib/install/deps.js:515:12)
57 error typeerror     at /Users/masafumi/.nodebrew/node/v6.4.0/lib/node_modules/npm/lib/install/deps.js:516:7
57 error typeerror     at /Users/masafumi/.nodebrew/node/v6.4.0/lib/node_modules/npm/node_modules/iferr/index.js:13:50
57 error typeerror     at /Users/masafumi/.nodebrew/node/v6.4.0/lib/node_modules/npm/lib/fetch-package-metadata.js:37:12
57 error typeerror     at addRequestedAndFinish (/Users/masafumi/.nodebrew/node/v6.4.0/lib/node_modules/npm/lib/fetch-package-metadata.js:67:5)
57 error typeerror     at returnAndAddMetadata (/Users/masafumi/.nodebrew/node/v6.4.0/lib/node_modules/npm/lib/fetch-package-metadata.js:121:7)
57 error typeerror     at pickVersionFromRegistryDocument (/Users/masafumi/.nodebrew/node/v6.4.0/lib/node_modules/npm/lib/fetch-package-metadata.js:138:20)
57 error typeerror     at /Users/masafumi/.nodebrew/node/v6.4.0/lib/node_modules/npm/node_modules/iferr/index.js:13:50
58 error typeerror This is an error with npm itself. Please report this error at:
58 error typeerror     <http://github.com/npm/npm/issues>
59 verbose exit [ 1, true ]
